# JRE version: Java(TM) SE Runtime Environment (21.0.3+7) (build 21.0.3+7-LTS-152)
# Java VM: Java HotSpot(TM) 64-Bit Server VM (21.0.3+7-LTS-152, mixed mode, emulated-client, sharing, tiered, compressed oops, compressed class ptrs, g1 gc, windows-amd64)
GC Precious Log:
 CardTable entry size: 512
 Card Set container configuration: InlinePtr #cards 4 size 8 Array Of Cards #cards 16 size 48 Howl #buckets 8 coarsen threshold 3686 Howl Bitmap #cards 512 size 80 coarsen threshold 460 Card regions per heap region 1 cards per card region 4096
 CPUs: 8 total, 8 available
 Memory: 16275M
 Large Page Support: Disabled
 NUMA Support: Disabled
 Compressed Oops: Enabled (Zero based)
 Heap Region Size: 2M
 Heap Min Capacity: 8M
 Heap Initial Capacity: 256M
 Heap Max Capacity: 4070M
 Pre-touch: Disabled
 Parallel Workers: 8
 Concurrent Workers: 2
 Concurrent Refinement Workers: 8
 Periodic GC: Disabled
Heap:
 garbage-first heap   total 346112K, used 172963K [0x0000000701a00000, 0x0000000800000000)
  region size 2048K, 4 young (8192K), 4 survivors (8192K)
 Metaspace       used 98996K, committed 99968K, reserved 1179648K
  class space    used 14157K, committed 14592K, reserved 1048576K
GC Heap History (20 events):
Event: 38.973 GC heap after
{Heap after GC invocations=26 (full 0):
 garbage-first heap   total 122880K, used 74738K [0x0000000701a00000, 0x0000000800000000)
  region size 2048K, 1 young (2048K), 1 survivors (2048K)
 Metaspace       used 84379K, committed 85184K, reserved 1179648K
  class space    used 12135K, committed 12480K, reserved 1048576K
}
Event: 39.592 GC heap before
{Heap before GC invocations=27 (full 0):
 garbage-first heap   total 137216K, used 105458K [0x0000000701a00000, 0x0000000800000000)
  region size 2048K, 16 young (32768K), 1 survivors (2048K)
 Metaspace       used 88082K, committed 88896K, reserved 1179648K
  class space    used 12705K, committed 13056K, reserved 1048576K
}
Event: 39.596 GC heap after
{Heap after GC invocations=28 (full 0):
 garbage-first heap   total 137216K, used 78185K [0x0000000701a00000, 0x0000000800000000)
  region size 2048K, 2 young (4096K), 2 survivors (4096K)
 Metaspace       used 88082K, committed 88896K, reserved 1179648K
  class space    used 12705K, committed 13056K, reserved 1048576K
}
Event: 40.070 GC heap before
{Heap before GC invocations=28 (full 0):
 garbage-first heap   total 137216K, used 117097K [0x0000000701a00000, 0x0000000800000000)
  region size 2048K, 21 young (43008K), 2 survivors (4096K)
 Metaspace       used 90178K, committed 91072K, reserved 1179648K
  class space    used 12978K, committed 13376K, reserved 1048576K
}
Event: 40.075 GC heap after
{Heap after GC invocations=29 (full 0):
 garbage-first heap   total 137216K, used 80042K [0x0000000701a00000, 0x0000000800000000)
  region size 2048K, 3 young (6144K), 3 survivors (6144K)
 Metaspace       used 90178K, committed 91072K, reserved 1179648K
  class space    used 12978K, committed 13376K, reserved 1048576K
}
Event: 40.653 GC heap before
{Heap before GC invocations=29 (full 0):
 garbage-first heap   total 137216K, used 118954K [0x0000000701a00000, 0x0000000800000000)
  region size 2048K, 22 young (45056K), 3 survivors (6144K)
 Metaspace       used 94083K, committed 94976K, reserved 1179648K
  class space    used 13484K, committed 13888K, reserved 1048576K
}
Event: 40.659 GC heap after
{Heap after GC invocations=30 (full 0):
 garbage-first heap   total 217088K, used 84806K [0x0000000701a00000, 0x0000000800000000)
  region size 2048K, 3 young (6144K), 3 survivors (6144K)
 Metaspace       used 94083K, committed 94976K, reserved 1179648K
  class space    used 13484K, committed 13888K, reserved 1048576K
}
Event: 41.008 GC heap before
{Heap before GC invocations=31 (full 0):
 garbage-first heap   total 217088K, used 187206K [0x0000000701a00000, 0x0000000800000000)
  region size 2048K, 52 young (106496K), 3 survivors (6144K)
 Metaspace       used 94092K, committed 94976K, reserved 1179648K
  class space    used 13486K, committed 13888K, reserved 1048576K
}
Event: 41.030 GC heap after
{Heap after GC invocations=32 (full 0):
 garbage-first heap   total 223232K, used 115781K [0x0000000701a00000, 0x0000000800000000)
  region size 2048K, 7 young (14336K), 7 survivors (14336K)
 Metaspace       used 94092K, committed 94976K, reserved 1179648K
  class space    used 13486K, committed 13888K, reserved 1048576K
}
Event: 41.243 GC heap before
{Heap before GC invocations=32 (full 0):
 garbage-first heap   total 223232K, used 185413K [0x0000000701a00000, 0x0000000800000000)
  region size 2048K, 37 young (75776K), 7 survivors (14336K)
 Metaspace       used 94092K, committed 94976K, reserved 1179648K
  class space    used 13486K, committed 13888K, reserved 1048576K
}
Event: 41.271 GC heap after
{Heap after GC invocations=33 (full 0):
 garbage-first heap   total 225280K, used 133812K [0x0000000701a00000, 0x0000000800000000)
  region size 2048K, 5 young (10240K), 5 survivors (10240K)
 Metaspace       used 94092K, committed 94976K, reserved 1179648K
  class space    used 13486K, committed 13888K, reserved 1048576K
}
Event: 41.656 GC heap before
{Heap before GC invocations=33 (full 0):
 garbage-first heap   total 225280K, used 187060K [0x0000000701a00000, 0x0000000800000000)
  region size 2048K, 31 young (63488K), 5 survivors (10240K)
 Metaspace       used 94313K, committed 95232K, reserved 1179648K
  class space    used 13512K, committed 13952K, reserved 1048576K
}
Event: 41.675 GC heap after
{Heap after GC invocations=34 (full 0):
 garbage-first heap   total 225280K, used 147077K [0x0000000701a00000, 0x0000000800000000)
  region size 2048K, 4 young (8192K), 4 survivors (8192K)
 Metaspace       used 94313K, committed 95232K, reserved 1179648K
  class space    used 13512K, committed 13952K, reserved 1048576K
}
Event: 55.426 GC heap before
{Heap before GC invocations=35 (full 0):
 garbage-first heap   total 239616K, used 181893K [0x0000000701a00000, 0x0000000800000000)
  region size 2048K, 27 young (55296K), 4 survivors (8192K)
 Metaspace       used 96338K, committed 97344K, reserved 1179648K
  class space    used 13805K, committed 14272K, reserved 1048576K
}
Event: 55.435 GC heap after
{Heap after GC invocations=36 (full 0):
 garbage-first heap   total 239616K, used 140042K [0x0000000701a00000, 0x0000000800000000)
  region size 2048K, 2 young (4096K), 2 survivors (4096K)
 Metaspace       used 96338K, committed 97344K, reserved 1179648K
  class space    used 13805K, committed 14272K, reserved 1048576K
}
Event: 56.072 GC heap before
{Heap before GC invocations=36 (full 0):
 garbage-first heap   total 239616K, used 201482K [0x0000000701a00000, 0x0000000800000000)
  region size 2048K, 32 young (65536K), 2 survivors (4096K)
 Metaspace       used 98895K, committed 99904K, reserved 1179648K
  class space    used 14141K, committed 14592K, reserved 1048576K
}
Event: 56.082 GC heap after
{Heap after GC invocations=37 (full 0):
 garbage-first heap   total 239616K, used 144337K [0x0000000701a00000, 0x0000000800000000)
  region size 2048K, 4 young (8192K), 4 survivors (8192K)
 Metaspace       used 98895K, committed 99904K, reserved 1179648K
  class space    used 14141K, committed 14592K, reserved 1048576K
}
Event: 56.299 GC heap before
{Heap before GC invocations=37 (full 0):
 garbage-first heap   total 239616K, used 203729K [0x0000000701a00000, 0x0000000800000000)
  region size 2048K, 34 young (69632K), 4 survivors (8192K)
 Metaspace       used 98996K, committed 99968K, reserved 1179648K
  class space    used 14157K, committed 14592K, reserved 1048576K
}
Event: 56.311 GC heap after
{Heap after GC invocations=38 (full 0):
 garbage-first heap   total 239616K, used 162391K [0x0000000701a00000, 0x0000000800000000)
  region size 2048K, 5 young (10240K), 5 survivors (10240K)
 Metaspace       used 98996K, committed 99968K, reserved 1179648K
  class space    used 14157K, committed 14592K, reserved 1048576K
}
Event: 56.527 GC heap before
{Heap before GC invocations=38 (full 0):
 garbage-first heap   total 346112K, used 205399K [0x0000000701a00000, 0x0000000800000000)
  region size 2048K, 27 young (55296K), 5 survivors (10240K)
 Metaspace       used 98996K, committed 99968K, reserved 1179648K
  class space    used 14157K, committed 14592K, reserved 1048576K
}

